C51 COMPILER V9.60.7.0   QUE2                                                              03/12/2023 15:32:55 PAGE 1   


C51 COMPILER V9.60.7.0, COMPILATION OF MODULE QUE2
OBJECT MODULE PLACED IN .\Objects\que2.obj
COMPILER INVOKED BY: C:\Keil_v5\C51\BIN\C51.EXE que2.c OPTIMIZE(8,SPEED) BROWSE DEBUG OBJECTEXTEND PRINT(.\Listings\que2
                    -.lst) TABS(2) OBJECT(.\Objects\que2.obj)

line level    source

   1          #include <at89c5131.h>
   2          #include<stdio.h>
   3          /*
   4          
   5          Two frequency simultaneously with timers in interrupts mode.
   6          
   7          First LED1 time period is 2ms.
   8          Second LED2 time period is 3ms.
   9          
  10          */
  11          
  12          sbit LED1=P3^6;
  13          sbit LED2=P3^7;
  14          
  15          
  16          void timer0_isr () interrupt 1
  17          {
  18   1         LED1 = ~LED1;
  19   1         //Reload values for TH0 and TL0. Start timer 0.
  20   1        TF0 = 0;
  21   1        TH0 = 0xF0;
  22   1        TL0 =  0x60;
  23   1        TR0 = 1;
  24   1        
  25   1      
  26   1      }
  27          
  28          void timer1_isr () interrupt 3
  29          {
  30   1         LED2 = ~LED2;
  31   1         //Reload values for TH1 and TL1. Start timer 1.
  32   1        TF1 = 0;
  33   1         TH1 = 0xE8 ;
  34   1         TL1 = 0x90 ;
  35   1         TR1 = 1; 
  36   1      
  37   1        
  38   1      }
  39          
  40          //Main function
  41          void main(void)
  42          {
  43   1        
  44   1        TMOD = 0x11 ;  //mode 1 timer 0 and timer 1
  45   1        TH0 = 0xF0 ;   //Values for Timer 0 TH0
  46   1        TH1 =   0xE8;  //Values for Timer 1 TH1
  47   1        TL0 =  0x60 ; //Values for Timer 0 TL0
  48   1        TL1 =  0x90 ; //Values for Timer 1 TL1
  49   1        ET0 = 1; //activate interrupts for both timers
  50   1        ET1 = 1;
  51   1        EA = 1;  //activate global interrupts
  52   1        TR0 = 1; //start timer 0
  53   1        TR1 = 1; //start timer 1
  54   1        while(1);
C51 COMPILER V9.60.7.0   QUE2                                                              03/12/2023 15:32:55 PAGE 2   

  55   1      }


MODULE INFORMATION:   STATIC OVERLAYABLE
   CODE SIZE        =     53    ----
   CONSTANT SIZE    =   ----    ----
   XDATA SIZE       =   ----    ----
   PDATA SIZE       =   ----    ----
   DATA SIZE        =   ----    ----
   IDATA SIZE       =   ----    ----
   BIT SIZE         =   ----    ----
END OF MODULE INFORMATION.


C51 COMPILATION COMPLETE.  0 WARNING(S),  0 ERROR(S)
