C51 COMPILER V9.60.7.0   Q3_STOP_WATCH                                                     03/13/2023 20:42:59 PAGE 1   


C51 COMPILER V9.60.7.0, COMPILATION OF MODULE Q3_STOP_WATCH
OBJECT MODULE PLACED IN .\Objects\Q3 Stop_watch.obj
COMPILER INVOKED BY: C:\Keil_v5\C51\BIN\C51.EXE Q3 Stop_watch.c OPTIMIZE(8,SPEED) BROWSE DEBUG OBJECTEXTEND PRINT(.\List
                    -ings\Q3 Stop_watch.lst) TABS(2) OBJECT(.\Objects\Q3 Stop_watch.obj)

line level    source

   1          #include <at89c5131.h>
   2          #include "Stop_watch.h"
   3          
   4          int count;
   5          int count_sec;
   6          int count_min;
   7          int count_sec_up;
   8          int count_sec_low;
   9          int count_min_up;
  10          int count_min_low;
  11          
  12          
  13          void main(void)
  14          { 
  15   1        lcd_init();
  16   1        lcd_cmd(0x80);
  17   1        TMOD = 0x05;
  18   1        P1 = 0x0F;
  19   1        TH0 = 0x00;
  20   1        TL0 = 0x00;
  21   1        while(1){
  22   2          if(P1 == 0x01){
  23   3            TR0 = 1;
  24   3            count_min = (TH0*256 + TL0)/3600;
  25   3            count_sec =((TH0*256 + TL0)%3600)/60;
  26   3            count_sec_up = (count_sec/10);
  27   3            count_sec_low = count_sec%10;
  28   3            count_min_up = count_min/10;
  29   3            count_min_low = count_min%10;
  30   3          }
  31   2          else if(P1 == 0x00){
  32   3            TR0 = 0;
  33   3          }
  34   2        lcd_write_char(count_min_up+48);
  35   2        lcd_write_char(count_min_low+48);
  36   2        lcd_write_char(':');
  37   2        lcd_write_char(count_sec_up+48);
  38   2        lcd_write_char(count_sec_low+48);
  39   2        lcd_cmd(0x80);
  40   2        }
  41   1        
  42   1      }


MODULE INFORMATION:   STATIC OVERLAYABLE
   CODE SIZE        =    364    ----
   CONSTANT SIZE    =   ----    ----
   XDATA SIZE       =   ----    ----
   PDATA SIZE       =   ----    ----
   DATA SIZE        =     14       3
   IDATA SIZE       =   ----    ----
   BIT SIZE         =   ----    ----
END OF MODULE INFORMATION.


C51 COMPILATION COMPLETE.  0 WARNING(S),  0 ERROR(S)
