A51 MACRO ASSEMBLER  LAB2_ADDSUB                                                          01/16/2023 00:26:37 PAGE     1


MACRO ASSEMBLER A51 V8.2.7.0
OBJECT MODULE PLACED IN .\Objects\lab2_addsub.obj
ASSEMBLER INVOKED BY: C:\Keil_v5\C51\BIN\A51.EXE lab2_addsub.asm SET(SMALL) DEBUG PRINT(.\Listings\lab2_addsub.lst) OBJE
                      CT(.\Objects\lab2_addsub.obj) EP

LOC  OBJ            LINE     SOURCE

                       1     
0000                   2     ORG 0H
0000 020100            3     LJMP MAIN
0100                   4     ORG 100H
0100                   5     MAIN:
0100 7961              6     MOV R1, #61H
0102 3130              7     CALL MODADD
0104 313D              8     CALL MODSUB
0106 80FE              9     HERE: SJMP HERE
0130                  10     ORG 130H
                      11     
0130                  12     MODADD:
0130 7400             13     MOV A ,#00H
0132 2571             14     ADD A , 71H
0134 2570             15     ADD A , 70H
0136 89F0             16     MOV B , R1
0138 84               17     DIV AB
0139 85F072           18     MOV 72H , B
013C 22               19     RET
013D                  20     MODSUB:
013D 7400             21     MOV A , #00H
013F 2570             22     ADD A , 70H
0141 9571             23     SUBB A , 71H
0143 89F0             24     MOV B , R1
                      25     
0145 4004             26     JC LOl 
0147 84               27     DIV AB
0148 85F073           28     MOV 73H , B
014B                  29     LOL :
                      30     
014B 5012             31     JNC LOL2
014D F5F0             32     MOV B ,A 
014F 749F             33     MOV A , #9FH
0151 2460             34     ADD A , #60H
0153 95F0             35     SUBB A , B
0155 2401             36     ADD A , #01H
0157 89F0             37     MOV B , R1
0159 84               38     DIV AB
015A E9               39     MOV A , R1
015B 95F0             40     SUBB A , B
015D F573             41     MOV 73H , A
                      42     
015F                  43     LOL2 :
                      44     
                      45     
015F 22               46     RET
                      47     
                      48     END
A51 MACRO ASSEMBLER  LAB2_ADDSUB                                                          01/16/2023 00:26:37 PAGE     2

SYMBOL TABLE LISTING
------ ----- -------


N A M E             T Y P E  V A L U E   ATTRIBUTES

B. . . . . . . . .  D ADDR   00F0H   A   
HERE . . . . . . .  C ADDR   0106H   A   
LOL. . . . . . . .  C ADDR   014BH   A   
LOL2 . . . . . . .  C ADDR   015FH   A   
MAIN . . . . . . .  C ADDR   0100H   A   
MODADD . . . . . .  C ADDR   0130H   A   
MODSUB . . . . . .  C ADDR   013DH   A   


REGISTER BANK(S) USED: 0 


ASSEMBLY COMPLETE.  0 WARNING(S), 0 ERROR(S)
